{"/Users/yuwanli/Desktop/vivo/study/webpack/build-webpack/lib/webpack.base.js":{"path":"/Users/yuwanli/Desktop/vivo/study/webpack/build-webpack/lib/webpack.base.js","s":{"1":1,"2":1,"3":1,"4":1,"5":1,"6":1,"7":1,"8":1,"9":1,"10":1,"11":1,"12":1,"13":1,"14":1,"15":3,"16":3,"17":3,"18":3,"19":1,"20":1,"21":1,"22":0,"23":0,"24":0,"25":0,"26":0},"b":{"1":[3,3],"2":[0,0],"3":[0,0,0]},"f":{"1":0},"fnMap":{"1":{"name":"errorPlugin","line":136,"loc":{"start":{"line":136,"column":4},"end":{"line":136,"column":27}}}},"statementMap":{"1":{"start":{"line":17,"column":0},"end":{"line":17,"column":29}},"2":{"start":{"line":18,"column":0},"end":{"line":18,"column":29}},"3":{"start":{"line":19,"column":0},"end":{"line":19,"column":45}},"4":{"start":{"line":21,"column":0},"end":{"line":21,"column":57}},"5":{"start":{"line":22,"column":0},"end":{"line":22,"column":57}},"6":{"start":{"line":23,"column":0},"end":{"line":23,"column":63}},"7":{"start":{"line":24,"column":0},"end":{"line":24,"column":64}},"8":{"start":{"line":25,"column":0},"end":{"line":25,"column":78}},"9":{"start":{"line":27,"column":0},"end":{"line":27,"column":34}},"10":{"start":{"line":29,"column":0},"end":{"line":58,"column":2}},"11":{"start":{"line":30,"column":2},"end":{"line":30,"column":19}},"12":{"start":{"line":31,"column":2},"end":{"line":31,"column":32}},"13":{"start":{"line":32,"column":2},"end":{"line":32,"column":75}},"14":{"start":{"line":34,"column":2},"end":{"line":53,"column":5}},"15":{"start":{"line":35,"column":4},"end":{"line":35,"column":53}},"16":{"start":{"line":36,"column":4},"end":{"line":36,"column":39}},"17":{"start":{"line":38,"column":4},"end":{"line":38,"column":27}},"18":{"start":{"line":39,"column":4},"end":{"line":52,"column":8}},"19":{"start":{"line":54,"column":2},"end":{"line":57,"column":4}},"20":{"start":{"line":60,"column":0},"end":{"line":60,"column":47}},"21":{"start":{"line":62,"column":0},"end":{"line":146,"column":2}},"22":{"start":{"line":97,"column":27},"end":{"line":101,"column":13}},"23":{"start":{"line":110,"column":27},"end":{"line":114,"column":13}},"24":{"start":{"line":137,"column":6},"end":{"line":141,"column":9}},"25":{"start":{"line":138,"column":8},"end":{"line":140,"column":9}},"26":{"start":{"line":139,"column":10},"end":{"line":139,"column":26}}},"branchMap":{"1":{"line":36,"type":"binary-expr","locations":[{"start":{"line":36,"column":21},"end":{"line":36,"column":26}},{"start":{"line":36,"column":30},"end":{"line":36,"column":38}}]},"2":{"line":138,"type":"if","locations":[{"start":{"line":138,"column":8},"end":{"line":138,"column":8}},{"start":{"line":138,"column":8},"end":{"line":138,"column":8}}]},"3":{"line":138,"type":"binary-expr","locations":[{"start":{"line":138,"column":12},"end":{"line":138,"column":36}},{"start":{"line":138,"column":40},"end":{"line":138,"column":71}},{"start":{"line":138,"column":75},"end":{"line":138,"column":113}}]}}}}